# JRE version: OpenJDK Runtime Environment (8.0_242-b01) (build 1.8.0_242-release-1644-b01)
# Java VM: OpenJDK 64-Bit Server VM (25.242-b01 mixed mode windows-amd64 compressed oops)
Heap:
 PSYoungGen      total 465920K, used 145429K [0x00000000d5580000, 0x00000000f4580000, 0x0000000100000000)
  eden space 430080K, 25% used [0x00000000d5580000,0x00000000dc08b930,0x00000000ef980000)
  from space 35840K, 99% used [0x00000000ef980000,0x00000000f1c79b50,0x00000000f1c80000)
  to   space 27136K, 0% used [0x00000000f1c80000,0x00000000f1c80000,0x00000000f3700000)
 ParOldGen       total 238592K, used 69028K [0x0000000080000000, 0x000000008e900000, 0x00000000d5580000)
  object space 238592K, 28% used [0x0000000080000000,0x00000000843691b0,0x000000008e900000)
 Metaspace       used 115685K, capacity 124168K, committed 124328K, reserved 1157120K
  class space    used 14797K, capacity 16203K, committed 16304K, reserved 1048576K
GC Heap History (10 events):
Event: 2909.709 GC heap before
{Heap before GC invocations=25 (full 4):
 PSYoungGen      total 436736K, used 420633K [0x00000000d5580000, 0x00000000f2500000, 0x0000000100000000)
  eden space 412160K, 99% used [0x00000000d5580000,0x00000000ee7e2478,0x00000000ee800000)
  from space 24576K, 34% used [0x00000000f0d00000,0x00000000f1564020,0x00000000f2500000)
  to   space 31232K, 0% used [0x00000000ee800000,0x00000000ee800000,0x00000000f0680000)
 ParOldGen       total 238592K, used 54837K [0x0000000080000000, 0x000000008e900000, 0x00000000d5580000)
  object space 238592K, 22% used [0x0000000080000000,0x000000008358d538,0x000000008e900000)
 Metaspace       used 95620K, capacity 102758K, committed 103080K, reserved 1138688K
  class space    used 12442K, capacity 13628K, committed 13744K, reserved 1048576K
Event: 2909.720 GC heap after
Heap after GC invocations=25 (full 4):
 PSYoungGen      total 443392K, used 14023K [0x00000000d5580000, 0x00000000f3300000, 0x0000000100000000)
  eden space 412160K, 0% used [0x00000000d5580000,0x00000000d5580000,0x00000000ee800000)
  from space 31232K, 44% used [0x00000000ee800000,0x00000000ef5b1ff8,0x00000000f0680000)
  to   space 29696K, 0% used [0x00000000f1600000,0x00000000f1600000,0x00000000f3300000)
 ParOldGen       total 238592K, used 54845K [0x0000000080000000, 0x000000008e900000, 0x00000000d5580000)
  object space 238592K, 22% used [0x0000000080000000,0x000000008358f538,0x000000008e900000)
 Metaspace       used 95620K, capacity 102758K, committed 103080K, reserved 1138688K
  class space    used 12442K, capacity 13628K, committed 13744K, reserved 1048576K
}
Event: 2953.590 GC heap before
{Heap before GC invocations=26 (full 4):
 PSYoungGen      total 443392K, used 426183K [0x00000000d5580000, 0x00000000f3300000, 0x0000000100000000)
  eden space 412160K, 100% used [0x00000000d5580000,0x00000000ee800000,0x00000000ee800000)
  from space 31232K, 44% used [0x00000000ee800000,0x00000000ef5b1ff8,0x00000000f0680000)
  to   space 29696K, 0% used [0x00000000f1600000,0x00000000f1600000,0x00000000f3300000)
 ParOldGen       total 238592K, used 54845K [0x0000000080000000, 0x000000008e900000, 0x00000000d5580000)
  object space 238592K, 22% used [0x0000000080000000,0x000000008358f538,0x000000008e900000)
 Metaspace       used 95779K, capacity 102956K, committed 103080K, reserved 1138688K
  class space    used 12443K, capacity 13629K, committed 13744K, reserved 1048576K
Event: 2953.606 GC heap after
Heap after GC invocations=26 (full 4):
 PSYoungGen      total 452096K, used 12346K [0x00000000d5580000, 0x00000000f2e80000, 0x0000000100000000)
  eden space 427008K, 0% used [0x00000000d5580000,0x00000000d5580000,0x00000000ef680000)
  from space 25088K, 49% used [0x00000000f1600000,0x00000000f220ea28,0x00000000f2e80000)
  to   space 28672K, 0% used [0x00000000ef680000,0x00000000ef680000,0x00000000f1280000)
 ParOldGen       total 238592K, used 54853K [0x0000000080000000, 0x000000008e900000, 0x00000000d5580000)
  object space 238592K, 22% used [0x0000000080000000,0x0000000083591538,0x000000008e900000)
 Metaspace       used 95779K, capacity 102956K, committed 103080K, reserved 1138688K
  class space    used 12443K, capacity 13629K, committed 13744K, reserved 1048576K
}
Event: 3340.532 GC heap before
{Heap before GC invocations=27 (full 4):
 PSYoungGen      total 452096K, used 439354K [0x00000000d5580000, 0x00000000f2e80000, 0x0000000100000000)
  eden space 427008K, 100% used [0x00000000d5580000,0x00000000ef680000,0x00000000ef680000)
  from space 25088K, 49% used [0x00000000f1600000,0x00000000f220ea28,0x00000000f2e80000)
  to   space 28672K, 0% used [0x00000000ef680000,0x00000000ef680000,0x00000000f1280000)
 ParOldGen       total 238592K, used 54853K [0x0000000080000000, 0x000000008e900000, 0x00000000d5580000)
  object space 238592K, 22% used [0x0000000080000000,0x0000000083591538,0x000000008e900000)
 Metaspace       used 101952K, capacity 109614K, committed 109992K, reserved 1144832K
  class space    used 13170K, capacity 14423K, committed 14512K, reserved 1048576K
Event: 3340.546 GC heap after
Heap after GC invocations=27 (full 4):
 PSYoungGen      total 455680K, used 14481K [0x00000000d5580000, 0x00000000f3700000, 0x0000000100000000)
  eden space 427008K, 0% used [0x00000000d5580000,0x00000000d5580000,0x00000000ef680000)
  from space 28672K, 50% used [0x00000000ef680000,0x00000000f04a4578,0x00000000f1280000)
  to   space 27136K, 0% used [0x00000000f1c80000,0x00000000f1c80000,0x00000000f3700000)
 ParOldGen       total 238592K, used 54861K [0x0000000080000000, 0x000000008e900000, 0x00000000d5580000)
  object space 238592K, 22% used [0x0000000080000000,0x0000000083593538,0x000000008e900000)
 Metaspace       used 101952K, capacity 109614K, committed 109992K, reserved 1144832K
  class space    used 13170K, capacity 14423K, committed 14512K, reserved 1048576K
}
Event: 4605.132 GC heap before
{Heap before GC invocations=28 (full 4):
 PSYoungGen      total 455680K, used 441489K [0x00000000d5580000, 0x00000000f3700000, 0x0000000100000000)
  eden space 427008K, 100% used [0x00000000d5580000,0x00000000ef680000,0x00000000ef680000)
  from space 28672K, 50% used [0x00000000ef680000,0x00000000f04a4578,0x00000000f1280000)
  to   space 27136K, 0% used [0x00000000f1c80000,0x00000000f1c80000,0x00000000f3700000)
 ParOldGen       total 238592K, used 54861K [0x0000000080000000, 0x000000008e900000, 0x00000000d5580000)
  object space 238592K, 22% used [0x0000000080000000,0x0000000083593538,0x000000008e900000)
 Metaspace       used 113585K, capacity 121704K, committed 122024K, reserved 1155072K
  class space    used 14573K, capacity 15957K, committed 16048K, reserved 1048576K
Event: 4605.191 GC heap after
Heap after GC invocations=28 (full 4):
 PSYoungGen      total 457216K, used 27116K [0x00000000d5580000, 0x00000000f4580000, 0x0000000100000000)
  eden space 430080K, 0% used [0x00000000d5580000,0x00000000d5580000,0x00000000ef980000)
  from space 27136K, 99% used [0x00000000f1c80000,0x00000000f36fb250,0x00000000f3700000)
  to   space 35840K, 0% used [0x00000000ef980000,0x00000000ef980000,0x00000000f1c80000)
 ParOldGen       total 238592K, used 67804K [0x0000000080000000, 0x000000008e900000, 0x00000000d5580000)
  object space 238592K, 28% used [0x0000000080000000,0x0000000084237028,0x000000008e900000)
 Metaspace       used 113585K, capacity 121704K, committed 122024K, reserved 1155072K
  class space    used 14573K, capacity 15957K, committed 16048K, reserved 1048576K
}
Event: 4611.906 GC heap before
{Heap before GC invocations=29 (full 4):
 PSYoungGen      total 457216K, used 457196K [0x00000000d5580000, 0x00000000f4580000, 0x0000000100000000)
  eden space 430080K, 100% used [0x00000000d5580000,0x00000000ef980000,0x00000000ef980000)
  from space 27136K, 99% used [0x00000000f1c80000,0x00000000f36fb250,0x00000000f3700000)
  to   space 35840K, 0% used [0x00000000ef980000,0x00000000ef980000,0x00000000f1c80000)
 ParOldGen       total 238592K, used 67804K [0x0000000080000000, 0x000000008e900000, 0x00000000d5580000)
  object space 238592K, 28% used [0x0000000080000000,0x0000000084237028,0x000000008e900000)
 Metaspace       used 115503K, capacity 123860K, committed 124072K, reserved 1157120K
  class space    used 14792K, capacity 16197K, committed 16304K, reserved 1048576K
Event: 4611.963 GC heap after
Heap after GC invocations=29 (full 4):
 PSYoungGen      total 465920K, used 35814K [0x00000000d5580000, 0x00000000f4580000, 0x0000000100000000)
  eden space 430080K, 0% used [0x00000000d5580000,0x00000000d5580000,0x00000000ef980000)
  from space 35840K, 99% used [0x00000000ef980000,0x00000000f1c79b50,0x00000000f1c80000)
  to   space 27136K, 0% used [0x00000000f1c80000,0x00000000f1c80000,0x00000000f3700000)
 ParOldGen       total 238592K, used 69028K [0x0000000080000000, 0x000000008e900000, 0x00000000d5580000)
  object space 238592K, 28% used [0x0000000080000000,0x00000000843691b0,0x000000008e900000)
 Metaspace       used 115503K, capacity 123860K, committed 124072K, reserved 1157120K
  class space    used 14792K, capacity 16197K, committed 16304K, reserved 1048576K
}

