# JRE version: OpenJDK Runtime Environment (8.0_242-b01) (build 1.8.0_242-release-1644-b01)
# Java VM: OpenJDK 64-Bit Server VM (25.242-b01 mixed mode windows-amd64 compressed oops)
Heap:
 PSYoungGen      total 140288K, used 4760K [0x00000000d5580000, 0x00000000dea00000, 0x0000000100000000)
  eden space 128512K, 3% used [0x00000000d5580000,0x00000000d5a260b0,0x00000000dd300000)
  from space 11776K, 0% used [0x00000000dd300000,0x00000000dd300000,0x00000000dde80000)
  to   space 10752K, 0% used [0x00000000ddf80000,0x00000000ddf80000,0x00000000dea00000)
 ParOldGen       total 76288K, used 15330K [0x0000000080000000, 0x0000000084a80000, 0x00000000d5580000)
  object space 76288K, 20% used [0x0000000080000000,0x0000000080ef8b08,0x0000000084a80000)
 Metaspace       used 34662K, capacity 35588K, committed 35752K, reserved 1079296K
  class space    used 4763K, capacity 5009K, committed 5040K, reserved 1048576K
GC Heap History (10 events):
Event: 37.733 GC heap before
{Heap before GC invocations=5 (full 1):
 PSYoungGen      total 76288K, used 7354K [0x00000000d5580000, 0x00000000dea80000, 0x0000000100000000)
  eden space 65536K, 0% used [0x00000000d5580000,0x00000000d5580000,0x00000000d9580000)
  from space 10752K, 68% used [0x00000000da000000,0x00000000da72e9d0,0x00000000daa80000)
  to   space 10752K, 0% used [0x00000000d9580000,0x00000000d9580000,0x00000000da000000)
 ParOldGen       total 175104K, used 1167K [0x0000000080000000, 0x000000008ab00000, 0x00000000d5580000)
  object space 175104K, 0% used [0x0000000080000000,0x0000000080123ec8,0x000000008ab00000)
 Metaspace       used 20567K, capacity 21236K, committed 21296K, reserved 1067008K
  class space    used 2881K, capacity 3088K, committed 3120K, reserved 1048576K
Event: 37.761 GC heap after
Heap after GC invocations=5 (full 1):
 PSYoungGen      total 76288K, used 0K [0x00000000d5580000, 0x00000000dea80000, 0x0000000100000000)
  eden space 65536K, 0% used [0x00000000d5580000,0x00000000d5580000,0x00000000d9580000)
  from space 10752K, 0% used [0x00000000da000000,0x00000000da000000,0x00000000daa80000)
  to   space 10752K, 0% used [0x00000000d9580000,0x00000000d9580000,0x00000000da000000)
 ParOldGen       total 76288K, used 7183K [0x0000000080000000, 0x0000000084a80000, 0x00000000d5580000)
  object space 76288K, 9% used [0x0000000080000000,0x0000000080703f20,0x0000000084a80000)
 Metaspace       used 20567K, capacity 21236K, committed 21296K, reserved 1067008K
  class space    used 2881K, capacity 3088K, committed 3120K, reserved 1048576K
}
Event: 38.980 GC heap before
{Heap before GC invocations=6 (full 1):
 PSYoungGen      total 76288K, used 65536K [0x00000000d5580000, 0x00000000dea80000, 0x0000000100000000)
  eden space 65536K, 100% used [0x00000000d5580000,0x00000000d9580000,0x00000000d9580000)
  from space 10752K, 0% used [0x00000000da000000,0x00000000da000000,0x00000000daa80000)
  to   space 10752K, 0% used [0x00000000d9580000,0x00000000d9580000,0x00000000da000000)
 ParOldGen       total 76288K, used 7183K [0x0000000080000000, 0x0000000084a80000, 0x00000000d5580000)
  object space 76288K, 9% used [0x0000000080000000,0x0000000080703f20,0x0000000084a80000)
 Metaspace       used 28201K, capacity 28988K, committed 29232K, reserved 1075200K
  class space    used 3890K, capacity 4131K, committed 4144K, reserved 1048576K
Event: 38.989 GC heap after
Heap after GC invocations=6 (full 1):
 PSYoungGen      total 76288K, used 8151K [0x00000000d5580000, 0x00000000deb80000, 0x0000000100000000)
  eden space 65536K, 0% used [0x00000000d5580000,0x00000000d5580000,0x00000000d9580000)
  from space 10752K, 75% used [0x00000000d9580000,0x00000000d9d75c58,0x00000000da000000)
  to   space 12288K, 0% used [0x00000000ddf80000,0x00000000ddf80000,0x00000000deb80000)
 ParOldGen       total 76288K, used 7191K [0x0000000080000000, 0x0000000084a80000, 0x00000000d5580000)
  object space 76288K, 9% used [0x0000000080000000,0x0000000080705f20,0x0000000084a80000)
 Metaspace       used 28201K, capacity 28988K, committed 29232K, reserved 1075200K
  class space    used 3890K, capacity 4131K, committed 4144K, reserved 1048576K
}
Event: 40.284 GC heap before
{Heap before GC invocations=7 (full 1):
 PSYoungGen      total 76288K, used 73687K [0x00000000d5580000, 0x00000000deb80000, 0x0000000100000000)
  eden space 65536K, 100% used [0x00000000d5580000,0x00000000d9580000,0x00000000d9580000)
  from space 10752K, 75% used [0x00000000d9580000,0x00000000d9d75c58,0x00000000da000000)
  to   space 12288K, 0% used [0x00000000ddf80000,0x00000000ddf80000,0x00000000deb80000)
 ParOldGen       total 76288K, used 7191K [0x0000000080000000, 0x0000000084a80000, 0x00000000d5580000)
  object space 76288K, 9% used [0x0000000080000000,0x0000000080705f20,0x0000000084a80000)
 Metaspace       used 32310K, capacity 33156K, committed 33328K, reserved 1077248K
  class space    used 4411K, capacity 4645K, committed 4656K, reserved 1048576K
Event: 40.297 GC heap after
Heap after GC invocations=7 (full 1):
 PSYoungGen      total 139264K, used 8706K [0x00000000d5580000, 0x00000000dea00000, 0x0000000100000000)
  eden space 128512K, 0% used [0x00000000d5580000,0x00000000d5580000,0x00000000dd300000)
  from space 10752K, 80% used [0x00000000ddf80000,0x00000000de800ac0,0x00000000dea00000)
  to   space 11776K, 0% used [0x00000000dd300000,0x00000000dd300000,0x00000000dde80000)
 ParOldGen       total 76288K, used 7199K [0x0000000080000000, 0x0000000084a80000, 0x00000000d5580000)
  object space 76288K, 9% used [0x0000000080000000,0x0000000080707f20,0x0000000084a80000)
 Metaspace       used 32310K, capacity 33156K, committed 33328K, reserved 1077248K
  class space    used 4411K, capacity 4645K, committed 4656K, reserved 1048576K
}
Event: 41.238 GC heap before
{Heap before GC invocations=8 (full 1):
 PSYoungGen      total 139264K, used 58350K [0x00000000d5580000, 0x00000000dea00000, 0x0000000100000000)
  eden space 128512K, 38% used [0x00000000d5580000,0x00000000d85fae38,0x00000000dd300000)
  from space 10752K, 80% used [0x00000000ddf80000,0x00000000de800ac0,0x00000000dea00000)
  to   space 11776K, 0% used [0x00000000dd300000,0x00000000dd300000,0x00000000dde80000)
 ParOldGen       total 76288K, used 7199K [0x0000000080000000, 0x0000000084a80000, 0x00000000d5580000)
  object space 76288K, 9% used [0x0000000080000000,0x0000000080707f20,0x0000000084a80000)
 Metaspace       used 34569K, capacity 35412K, committed 35496K, reserved 1079296K
  class space    used 4748K, capacity 4975K, committed 5040K, reserved 1048576K
Event: 41.249 GC heap after
Heap after GC invocations=8 (full 1):
 PSYoungGen      total 140288K, used 8860K [0x00000000d5580000, 0x00000000dea00000, 0x0000000100000000)
  eden space 128512K, 0% used [0x00000000d5580000,0x00000000d5580000,0x00000000dd300000)
  from space 11776K, 75% used [0x00000000dd300000,0x00000000ddba7018,0x00000000dde80000)
  to   space 10752K, 0% used [0x00000000ddf80000,0x00000000ddf80000,0x00000000dea00000)
 ParOldGen       total 76288K, used 7207K [0x0000000080000000, 0x0000000084a80000, 0x00000000d5580000)
  object space 76288K, 9% used [0x0000000080000000,0x0000000080709f20,0x0000000084a80000)
 Metaspace       used 34569K, capacity 35412K, committed 35496K, reserved 1079296K
  class space    used 4748K, capacity 4975K, committed 5040K, reserved 1048576K
}
Event: 41.250 GC heap before
{Heap before GC invocations=9 (full 2):
 PSYoungGen      total 140288K, used 8860K [0x00000000d5580000, 0x00000000dea00000, 0x0000000100000000)
  eden space 128512K, 0% used [0x00000000d5580000,0x00000000d5580000,0x00000000dd300000)
  from space 11776K, 75% used [0x00000000dd300000,0x00000000ddba7018,0x00000000dde80000)
  to   space 10752K, 0% used [0x00000000ddf80000,0x00000000ddf80000,0x00000000dea00000)
 ParOldGen       total 76288K, used 7207K [0x0000000080000000, 0x0000000084a80000, 0x00000000d5580000)
  object space 76288K, 9% used [0x0000000080000000,0x0000000080709f20,0x0000000084a80000)
 Metaspace       used 34569K, capacity 35412K, committed 35496K, reserved 1079296K
  class space    used 4748K, capacity 4975K, committed 5040K, reserved 1048576K
Event: 41.310 GC heap after
Heap after GC invocations=9 (full 2):
 PSYoungGen      total 140288K, used 0K [0x00000000d5580000, 0x00000000dea00000, 0x0000000100000000)
  eden space 128512K, 0% used [0x00000000d5580000,0x00000000d5580000,0x00000000dd300000)
  from space 11776K, 0% used [0x00000000dd300000,0x00000000dd300000,0x00000000dde80000)
  to   space 10752K, 0% used [0x00000000ddf80000,0x00000000ddf80000,0x00000000dea00000)
 ParOldGen       total 76288K, used 15330K [0x0000000080000000, 0x0000000084a80000, 0x00000000d5580000)
  object space 76288K, 20% used [0x0000000080000000,0x0000000080ef8b08,0x0000000084a80000)
 Metaspace       used 34569K, capacity 35412K, committed 35496K, reserved 1079296K
  class space    used 4748K, capacity 4975K, committed 5040K, reserved 1048576K
}

